The target system is: PICO -  - cortex-m0plus
The host system is: Darwin - 24.5.0 - arm64
Compiling the C compiler identification source file "CMakeCCompilerId.c" succeeded.
Compiler: /opt/homebrew/bin/arm-none-eabi-gcc 
Build flags: ;-mcpu=cortex-m0plus;-mthumb
Id flags: -c 

The output was:
0


Compilation of the C compiler identification source "CMakeCCompilerId.c" produced "CMakeCCompilerId.o"

The C compiler identification is GNU, found in "/Users/mac/Documents/PicoWorkspace/MoonlitCalc/build/CMakeFiles/3.23.0-rc2/CompilerIdC/CMakeCCompilerId.o"

Compiling the CXX compiler identification source file "CMakeCXXCompilerId.cpp" succeeded.
Compiler: /opt/homebrew/bin/arm-none-eabi-g++ 
Build flags: ;-mcpu=cortex-m0plus;-mthumb
Id flags: -c 

The output was:
0


Compilation of the CXX compiler identification source "CMakeCXXCompilerId.cpp" produced "CMakeCXXCompilerId.o"

The CXX compiler identification is GNU, found in "/Users/mac/Documents/PicoWorkspace/MoonlitCalc/build/CMakeFiles/3.23.0-rc2/CompilerIdCXX/CMakeCXXCompilerId.o"

Checking whether the ASM compiler is GNU using "--version" matched "(GNU assembler)|(GCC)|(Free Software Foundation)":
arm-none-eabi-gcc (Arm GNU Toolchain 14.2.Rel1 (Build arm-14.52)) 14.2.1 20241119
Copyright (C) 2024 Free Software Foundation, Inc.
This is free software; see the source for copying conditions.  There is NO
warranty; not even for MERCHANTABILITY or FITNESS FOR A PARTICULAR PURPOSE.

Detecting C compiler ABI info compiled with the following output:
Change Dir: /Users/mac/Documents/PicoWorkspace/MoonlitCalc/build/CMakeFiles/CMakeTmp

Run Build Command(s):/usr/local/bin/ninja cmTC_31a81 && [1/2] Building C object CMakeFiles/cmTC_31a81.dir/CMakeCCompilerABI.c.o
Using built-in specs.
COLLECT_GCC=/opt/homebrew/bin/arm-none-eabi-gcc
Target: arm-none-eabi
Configured with: /Volumes/data/jenkins/workspace/GNU-toolchain/arm-14/src/gcc/configure --target=arm-none-eabi --prefix=/Volumes/data/jenkins/workspace/GNU-toolchain/arm-14/build-arm-none-eabi/install --with-gmp=/Volumes/data/jenkins/workspace/GNU-toolchain/arm-14/build-arm-none-eabi/host-tools --with-mpfr=/Volumes/data/jenkins/workspace/GNU-toolchain/arm-14/build-arm-none-eabi/host-tools --with-mpc=/Volumes/data/jenkins/workspace/GNU-toolchain/arm-14/build-arm-none-eabi/host-tools --with-isl=/Volumes/data/jenkins/workspace/GNU-toolchain/arm-14/build-arm-none-eabi/host-tools --disable-shared --disable-nls --disable-threads --disable-tls --enable-checking=release --enable-languages=c,c++,fortran --with-newlib --with-gnu-as --with-headers=yes --with-gnu-ld --with-native-system-header-dir=/include --with-sysroot=/Volumes/data/jenkins/workspace/GNU-toolchain/arm-14/build-arm-none-eabi/install/arm-none-eabi --with-bugurl=https://bugs.linaro.org/ --with-multilib-list=aprofile,rmprofile --with-pkgversion='Arm GNU Toolchain 14.2.Rel1 (Build arm-14.52)'
Thread model: single
Supported LTO compression algorithms: zlib
gcc version 14.2.1 20241119 (Arm GNU Toolchain 14.2.Rel1 (Build arm-14.52)) 
COLLECT_GCC_OPTIONS='-mcpu=cortex-m0plus' '-mthumb' '-v' '-o' 'CMakeFiles/cmTC_31a81.dir/CMakeCCompilerABI.c.o' '-c' '-mfloat-abi=soft' '-mlibarch=armv6s-m' '-march=armv6s-m' '-dumpdir' 'CMakeFiles/cmTC_31a81.dir/'
 /Applications/ArmGNUToolchain/14.2.rel1/arm-none-eabi/bin/../libexec/gcc/arm-none-eabi/14.2.1/cc1 -quiet -v -imultilib thumb/v6-m/nofp -iprefix /Applications/ArmGNUToolchain/14.2.rel1/arm-none-eabi/bin/../lib/gcc/arm-none-eabi/14.2.1/ -isysroot /Applications/ArmGNUToolchain/14.2.rel1/arm-none-eabi/bin/../arm-none-eabi -D__USES_INITFINI__ /usr/local/share/cmake-3.23/Modules/CMakeCCompilerABI.c -quiet -dumpdir CMakeFiles/cmTC_31a81.dir/ -dumpbase CMakeCCompilerABI.c.c -dumpbase-ext .c -mcpu=cortex-m0plus -mthumb -mfloat-abi=soft -mlibarch=armv6s-m -march=armv6s-m -version -o /var/folders/j8/k9qg4y1s6q1_yjlw7lr4wq_m0000gn/T//ccwQzcAV.s
GNU C17 (Arm GNU Toolchain 14.2.Rel1 (Build arm-14.52)) version 14.2.1 20241119 (arm-none-eabi)
	compiled by GNU C version Apple LLVM 13.0.0 (clang-1300.0.29.30), GMP version 6.2.1, MPFR version 3.1.6, MPC version 1.0.3, isl version isl-0.15-1-g835ea3a-GMP

GGC heuristics: --param ggc-min-expand=100 --param ggc-min-heapsize=131072
ignoring duplicate directory "/Applications/ArmGNUToolchain/14.2.rel1/arm-none-eabi/bin/../lib/gcc/../../lib/gcc/arm-none-eabi/14.2.1/include"
ignoring nonexistent directory "/Applications/ArmGNUToolchain/14.2.rel1/arm-none-eabi/bin/../arm-none-eabi/usr/local/include"
ignoring duplicate directory "/Applications/ArmGNUToolchain/14.2.rel1/arm-none-eabi/bin/../lib/gcc/../../lib/gcc/arm-none-eabi/14.2.1/include-fixed"
ignoring duplicate directory "/Applications/ArmGNUToolchain/14.2.rel1/arm-none-eabi/bin/../lib/gcc/../../lib/gcc/arm-none-eabi/14.2.1/../../../../arm-none-eabi/include"
ignoring duplicate directory "/Applications/ArmGNUToolchain/14.2.rel1/arm-none-eabi/bin/../arm-none-eabi/include"
#include "..." search starts here:
#include <...> search starts here:
 /Applications/ArmGNUToolchain/14.2.rel1/arm-none-eabi/bin/../lib/gcc/arm-none-eabi/14.2.1/include
 /Applications/ArmGNUToolchain/14.2.rel1/arm-none-eabi/bin/../lib/gcc/arm-none-eabi/14.2.1/include-fixed
 /Applications/ArmGNUToolchain/14.2.rel1/arm-none-eabi/bin/../lib/gcc/arm-none-eabi/14.2.1/../../../../arm-none-eabi/include
End of search list.
Compiler executable checksum: 37d23b2e3347d18c1231e07805cbe085
COLLECT_GCC_OPTIONS='-mcpu=cortex-m0plus' '-mthumb' '-v' '-o' 'CMakeFiles/cmTC_31a81.dir/CMakeCCompilerABI.c.o' '-c' '-mfloat-abi=soft' '-mlibarch=armv6s-m' '-march=armv6s-m' '-dumpdir' 'CMakeFiles/cmTC_31a81.dir/'
 /Applications/ArmGNUToolchain/14.2.rel1/arm-none-eabi/bin/../lib/gcc/arm-none-eabi/14.2.1/../../../../arm-none-eabi/bin/as -v -march=armv6s-m -mfloat-abi=soft -meabi=5 -o CMakeFiles/cmTC_31a81.dir/CMakeCCompilerABI.c.o /var/folders/j8/k9qg4y1s6q1_yjlw7lr4wq_m0000gn/T//ccwQzcAV.s
GNU assembler version 2.43.1 (arm-none-eabi) using BFD version (Arm GNU Toolchain 14.2.Rel1 (Build arm-14.52)) 2.43.1.20241119
COMPILER_PATH=/Applications/ArmGNUToolchain/14.2.rel1/arm-none-eabi/bin/../libexec/gcc/arm-none-eabi/14.2.1/:/Applications/ArmGNUToolchain/14.2.rel1/arm-none-eabi/bin/../libexec/gcc/:/Applications/ArmGNUToolchain/14.2.rel1/arm-none-eabi/bin/../lib/gcc/arm-none-eabi/14.2.1/../../../../arm-none-eabi/bin/
LIBRARY_PATH=/Applications/ArmGNUToolchain/14.2.rel1/arm-none-eabi/bin/../lib/gcc/arm-none-eabi/14.2.1/thumb/v6-m/nofp/:/Applications/ArmGNUToolchain/14.2.rel1/arm-none-eabi/bin/../lib/gcc/arm-none-eabi/14.2.1/../../../../arm-none-eabi/lib/thumb/v6-m/nofp/:/Applications/ArmGNUToolchain/14.2.rel1/arm-none-eabi/bin/../arm-none-eabi/lib/thumb/v6-m/nofp/:/Applications/ArmGNUToolchain/14.2.rel1/arm-none-eabi/bin/../lib/gcc/arm-none-eabi/14.2.1/:/Applications/ArmGNUToolchain/14.2.rel1/arm-none-eabi/bin/../lib/gcc/:/Applications/ArmGNUToolchain/14.2.rel1/arm-none-eabi/bin/../lib/gcc/arm-none-eabi/14.2.1/../../../../arm-none-eabi/lib/:/Applications/ArmGNUToolchain/14.2.rel1/arm-none-eabi/bin/../arm-none-eabi/lib/
COLLECT_GCC_OPTIONS='-mcpu=cortex-m0plus' '-mthumb' '-v' '-o' 'CMakeFiles/cmTC_31a81.dir/CMakeCCompilerABI.c.o' '-c' '-mfloat-abi=soft' '-mlibarch=armv6s-m' '-march=armv6s-m' '-dumpdir' 'CMakeFiles/cmTC_31a81.dir/CMakeCCompilerABI.c.'
[2/2] Linking C executable cmTC_31a81.elf
Using built-in specs.
COLLECT_GCC=/opt/homebrew/bin/arm-none-eabi-gcc
COLLECT_LTO_WRAPPER=/Applications/ArmGNUToolchain/14.2.rel1/arm-none-eabi/bin/../libexec/gcc/arm-none-eabi/14.2.1/lto-wrapper
Target: arm-none-eabi
Configured with: /Volumes/data/jenkins/workspace/GNU-toolchain/arm-14/src/gcc/configure --target=arm-none-eabi --prefix=/Volumes/data/jenkins/workspace/GNU-toolchain/arm-14/build-arm-none-eabi/install --with-gmp=/Volumes/data/jenkins/workspace/GNU-toolchain/arm-14/build-arm-none-eabi/host-tools --with-mpfr=/Volumes/data/jenkins/workspace/GNU-toolchain/arm-14/build-arm-none-eabi/host-tools --with-mpc=/Volumes/data/jenkins/workspace/GNU-toolchain/arm-14/build-arm-none-eabi/host-tools --with-isl=/Volumes/data/jenkins/workspace/GNU-toolchain/arm-14/build-arm-none-eabi/host-tools --disable-shared --disable-nls --disable-threads --disable-tls --enable-checking=release --enable-languages=c,c++,fortran --with-newlib --with-gnu-as --with-headers=yes --with-gnu-ld --with-native-system-header-dir=/include --with-sysroot=/Volumes/data/jenkins/workspace/GNU-toolchain/arm-14/build-arm-none-eabi/install/arm-none-eabi --with-bugurl=https://bugs.linaro.org/ --with-multilib-list=aprofile,rmprofile --with-pkgversion='Arm GNU Toolchain 14.2.Rel1 (Build arm-14.52)'
Thread model: single
Supported LTO compression algorithms: zlib
gcc version 14.2.1 20241119 (Arm GNU Toolchain 14.2.Rel1 (Build arm-14.52)) 
COMPILER_PATH=/Applications/ArmGNUToolchain/14.2.rel1/arm-none-eabi/bin/../libexec/gcc/arm-none-eabi/14.2.1/:/Applications/ArmGNUToolchain/14.2.rel1/arm-none-eabi/bin/../libexec/gcc/:/Applications/ArmGNUToolchain/14.2.rel1/arm-none-eabi/bin/../lib/gcc/arm-none-eabi/14.2.1/../../../../arm-none-eabi/bin/
LIBRARY_PATH=/Applications/ArmGNUToolchain/14.2.rel1/arm-none-eabi/bin/../lib/gcc/arm-none-eabi/14.2.1/thumb/v6-m/nofp/:/Applications/ArmGNUToolchain/14.2.rel1/arm-none-eabi/bin/../lib/gcc/arm-none-eabi/14.2.1/../../../../arm-none-eabi/lib/thumb/v6-m/nofp/:/Applications/ArmGNUToolchain/14.2.rel1/arm-none-eabi/bin/../arm-none-eabi/lib/thumb/v6-m/nofp/:/Applications/ArmGNUToolchain/14.2.rel1/arm-none-eabi/bin/../lib/gcc/arm-none-eabi/14.2.1/:/Applications/ArmGNUToolchain/14.2.rel1/arm-none-eabi/bin/../lib/gcc/:/Applications/ArmGNUToolchain/14.2.rel1/arm-none-eabi/bin/../lib/gcc/arm-none-eabi/14.2.1/../../../../arm-none-eabi/lib/:/Applications/ArmGNUToolchain/14.2.rel1/arm-none-eabi/bin/../arm-none-eabi/lib/
COLLECT_GCC_OPTIONS='-mcpu=cortex-m0plus' '-mthumb' '-nostdlib' '-v' '-o' 'cmTC_31a81.elf' '-mfloat-abi=soft' '-mlibarch=armv6s-m' '-march=armv6s-m' '-dumpdir' 'cmTC_31a81.elf.'
 /Applications/ArmGNUToolchain/14.2.rel1/arm-none-eabi/bin/../libexec/gcc/arm-none-eabi/14.2.1/collect2 -plugin /Applications/ArmGNUToolchain/14.2.rel1/arm-none-eabi/bin/../libexec/gcc/arm-none-eabi/14.2.1/liblto_plugin.so -plugin-opt=/Applications/ArmGNUToolchain/14.2.rel1/arm-none-eabi/bin/../libexec/gcc/arm-none-eabi/14.2.1/lto-wrapper -plugin-opt=-fresolution=/var/folders/j8/k9qg4y1s6q1_yjlw7lr4wq_m0000gn/T//ccge55hE.res --sysroot=/Applications/ArmGNUToolchain/14.2.rel1/arm-none-eabi/bin/../arm-none-eabi -X -o cmTC_31a81.elf -L/Applications/ArmGNUToolchain/14.2.rel1/arm-none-eabi/bin/../lib/gcc/arm-none-eabi/14.2.1/thumb/v6-m/nofp -L/Applications/ArmGNUToolchain/14.2.rel1/arm-none-eabi/bin/../lib/gcc/arm-none-eabi/14.2.1/../../../../arm-none-eabi/lib/thumb/v6-m/nofp -L/Applications/ArmGNUToolchain/14.2.rel1/arm-none-eabi/bin/../arm-none-eabi/lib/thumb/v6-m/nofp -L/Applications/ArmGNUToolchain/14.2.rel1/arm-none-eabi/bin/../lib/gcc/arm-none-eabi/14.2.1 -L/Applications/ArmGNUToolchain/14.2.rel1/arm-none-eabi/bin/../lib/gcc -L/Applications/ArmGNUToolchain/14.2.rel1/arm-none-eabi/bin/../lib/gcc/arm-none-eabi/14.2.1/../../../../arm-none-eabi/lib -L/Applications/ArmGNUToolchain/14.2.rel1/arm-none-eabi/bin/../arm-none-eabi/lib --build-id=none CMakeFiles/cmTC_31a81.dir/CMakeCCompilerABI.c.o
/Applications/ArmGNUToolchain/14.2.rel1/arm-none-eabi/bin/../lib/gcc/arm-none-eabi/14.2.1/../../../../arm-none-eabi/bin/ld: warning: cannot find entry symbol _start; defaulting to 00008000
COLLECT_GCC_OPTIONS='-mcpu=cortex-m0plus' '-mthumb' '-nostdlib' '-v' '-o' 'cmTC_31a81.elf' '-mfloat-abi=soft' '-mlibarch=armv6s-m' '-march=armv6s-m' '-dumpdir' 'cmTC_31a81.elf.'



Parsed C implicit include dir info from above output: rv=done
  found start of include info
  found start of implicit include info
    add: [/Applications/ArmGNUToolchain/14.2.rel1/arm-none-eabi/bin/../lib/gcc/arm-none-eabi/14.2.1/include]
    add: [/Applications/ArmGNUToolchain/14.2.rel1/arm-none-eabi/bin/../lib/gcc/arm-none-eabi/14.2.1/include-fixed]
    add: [/Applications/ArmGNUToolchain/14.2.rel1/arm-none-eabi/bin/../lib/gcc/arm-none-eabi/14.2.1/../../../../arm-none-eabi/include]
  end of search list found
  collapse include dir [/Applications/ArmGNUToolchain/14.2.rel1/arm-none-eabi/bin/../lib/gcc/arm-none-eabi/14.2.1/include] ==> [/Applications/ArmGNUToolchain/14.2.rel1/arm-none-eabi/lib/gcc/arm-none-eabi/14.2.1/include]
  collapse include dir [/Applications/ArmGNUToolchain/14.2.rel1/arm-none-eabi/bin/../lib/gcc/arm-none-eabi/14.2.1/include-fixed] ==> [/Applications/ArmGNUToolchain/14.2.rel1/arm-none-eabi/lib/gcc/arm-none-eabi/14.2.1/include-fixed]
  collapse include dir [/Applications/ArmGNUToolchain/14.2.rel1/arm-none-eabi/bin/../lib/gcc/arm-none-eabi/14.2.1/../../../../arm-none-eabi/include] ==> [/Applications/ArmGNUToolchain/14.2.rel1/arm-none-eabi/arm-none-eabi/include]
  implicit include dirs: [/Applications/ArmGNUToolchain/14.2.rel1/arm-none-eabi/lib/gcc/arm-none-eabi/14.2.1/include;/Applications/ArmGNUToolchain/14.2.rel1/arm-none-eabi/lib/gcc/arm-none-eabi/14.2.1/include-fixed;/Applications/ArmGNUToolchain/14.2.rel1/arm-none-eabi/arm-none-eabi/include]


Parsed C implicit link information from above output:
  link line regex: [^( *|.*[/\])(arm-none-eabi-ld|CMAKE_LINK_STARTFILE-NOTFOUND|([^/\]+-)?ld|collect2)[^/\]*( |$)]
  ignore line: [Change Dir: /Users/mac/Documents/PicoWorkspace/MoonlitCalc/build/CMakeFiles/CMakeTmp]
  ignore line: []
  ignore line: [Run Build Command(s):/usr/local/bin/ninja cmTC_31a81 && [1/2] Building C object CMakeFiles/cmTC_31a81.dir/CMakeCCompilerABI.c.o]
  ignore line: [Using built-in specs.]
  ignore line: [COLLECT_GCC=/opt/homebrew/bin/arm-none-eabi-gcc]
  ignore line: [Target: arm-none-eabi]
  ignore line: [Configured with: /Volumes/data/jenkins/workspace/GNU-toolchain/arm-14/src/gcc/configure --target=arm-none-eabi --prefix=/Volumes/data/jenkins/workspace/GNU-toolchain/arm-14/build-arm-none-eabi/install --with-gmp=/Volumes/data/jenkins/workspace/GNU-toolchain/arm-14/build-arm-none-eabi/host-tools --with-mpfr=/Volumes/data/jenkins/workspace/GNU-toolchain/arm-14/build-arm-none-eabi/host-tools --with-mpc=/Volumes/data/jenkins/workspace/GNU-toolchain/arm-14/build-arm-none-eabi/host-tools --with-isl=/Volumes/data/jenkins/workspace/GNU-toolchain/arm-14/build-arm-none-eabi/host-tools --disable-shared --disable-nls --disable-threads --disable-tls --enable-checking=release --enable-languages=c,c++,fortran --with-newlib --with-gnu-as --with-headers=yes --with-gnu-ld --with-native-system-header-dir=/include --with-sysroot=/Volumes/data/jenkins/workspace/GNU-toolchain/arm-14/build-arm-none-eabi/install/arm-none-eabi --with-bugurl=https://bugs.linaro.org/ --with-multilib-list=aprofile,rmprofile --with-pkgversion='Arm GNU Toolchain 14.2.Rel1 (Build arm-14.52)']
  ignore line: [Thread model: single]
  ignore line: [Supported LTO compression algorithms: zlib]
  ignore line: [gcc version 14.2.1 20241119 (Arm GNU Toolchain 14.2.Rel1 (Build arm-14.52)) ]
  ignore line: [COLLECT_GCC_OPTIONS='-mcpu=cortex-m0plus' '-mthumb' '-v' '-o' 'CMakeFiles/cmTC_31a81.dir/CMakeCCompilerABI.c.o' '-c' '-mfloat-abi=soft' '-mlibarch=armv6s-m' '-march=armv6s-m' '-dumpdir' 'CMakeFiles/cmTC_31a81.dir/']
  ignore line: [ /Applications/ArmGNUToolchain/14.2.rel1/arm-none-eabi/bin/../libexec/gcc/arm-none-eabi/14.2.1/cc1 -quiet -v -imultilib thumb/v6-m/nofp -iprefix /Applications/ArmGNUToolchain/14.2.rel1/arm-none-eabi/bin/../lib/gcc/arm-none-eabi/14.2.1/ -isysroot /Applications/ArmGNUToolchain/14.2.rel1/arm-none-eabi/bin/../arm-none-eabi -D__USES_INITFINI__ /usr/local/share/cmake-3.23/Modules/CMakeCCompilerABI.c -quiet -dumpdir CMakeFiles/cmTC_31a81.dir/ -dumpbase CMakeCCompilerABI.c.c -dumpbase-ext .c -mcpu=cortex-m0plus -mthumb -mfloat-abi=soft -mlibarch=armv6s-m -march=armv6s-m -version -o /var/folders/j8/k9qg4y1s6q1_yjlw7lr4wq_m0000gn/T//ccwQzcAV.s]
  ignore line: [GNU C17 (Arm GNU Toolchain 14.2.Rel1 (Build arm-14.52)) version 14.2.1 20241119 (arm-none-eabi)]
  ignore line: [	compiled by GNU C version Apple LLVM 13.0.0 (clang-1300.0.29.30)  GMP version 6.2.1  MPFR version 3.1.6  MPC version 1.0.3  isl version isl-0.15-1-g835ea3a-GMP]
  ignore line: []
  ignore line: [GGC heuristics: --param ggc-min-expand=100 --param ggc-min-heapsize=131072]
  ignore line: [ignoring duplicate directory "/Applications/ArmGNUToolchain/14.2.rel1/arm-none-eabi/bin/../lib/gcc/../../lib/gcc/arm-none-eabi/14.2.1/include"]
  ignore line: [ignoring nonexistent directory "/Applications/ArmGNUToolchain/14.2.rel1/arm-none-eabi/bin/../arm-none-eabi/usr/local/include"]
  ignore line: [ignoring duplicate directory "/Applications/ArmGNUToolchain/14.2.rel1/arm-none-eabi/bin/../lib/gcc/../../lib/gcc/arm-none-eabi/14.2.1/include-fixed"]
  ignore line: [ignoring duplicate directory "/Applications/ArmGNUToolchain/14.2.rel1/arm-none-eabi/bin/../lib/gcc/../../lib/gcc/arm-none-eabi/14.2.1/../../../../arm-none-eabi/include"]
  ignore line: [ignoring duplicate directory "/Applications/ArmGNUToolchain/14.2.rel1/arm-none-eabi/bin/../arm-none-eabi/include"]
  ignore line: [#include "..." search starts here:]
  ignore line: [#include <...> search starts here:]
  ignore line: [ /Applications/ArmGNUToolchain/14.2.rel1/arm-none-eabi/bin/../lib/gcc/arm-none-eabi/14.2.1/include]
  ignore line: [ /Applications/ArmGNUToolchain/14.2.rel1/arm-none-eabi/bin/../lib/gcc/arm-none-eabi/14.2.1/include-fixed]
  ignore line: [ /Applications/ArmGNUToolchain/14.2.rel1/arm-none-eabi/bin/../lib/gcc/arm-none-eabi/14.2.1/../../../../arm-none-eabi/include]
  ignore line: [End of search list.]
  ignore line: [Compiler executable checksum: 37d23b2e3347d18c1231e07805cbe085]
  ignore line: [COLLECT_GCC_OPTIONS='-mcpu=cortex-m0plus' '-mthumb' '-v' '-o' 'CMakeFiles/cmTC_31a81.dir/CMakeCCompilerABI.c.o' '-c' '-mfloat-abi=soft' '-mlibarch=armv6s-m' '-march=armv6s-m' '-dumpdir' 'CMakeFiles/cmTC_31a81.dir/']
  ignore line: [ /Applications/ArmGNUToolchain/14.2.rel1/arm-none-eabi/bin/../lib/gcc/arm-none-eabi/14.2.1/../../../../arm-none-eabi/bin/as -v -march=armv6s-m -mfloat-abi=soft -meabi=5 -o CMakeFiles/cmTC_31a81.dir/CMakeCCompilerABI.c.o /var/folders/j8/k9qg4y1s6q1_yjlw7lr4wq_m0000gn/T//ccwQzcAV.s]
  ignore line: [GNU assembler version 2.43.1 (arm-none-eabi) using BFD version (Arm GNU Toolchain 14.2.Rel1 (Build arm-14.52)) 2.43.1.20241119]
  ignore line: [COMPILER_PATH=/Applications/ArmGNUToolchain/14.2.rel1/arm-none-eabi/bin/../libexec/gcc/arm-none-eabi/14.2.1/:/Applications/ArmGNUToolchain/14.2.rel1/arm-none-eabi/bin/../libexec/gcc/:/Applications/ArmGNUToolchain/14.2.rel1/arm-none-eabi/bin/../lib/gcc/arm-none-eabi/14.2.1/../../../../arm-none-eabi/bin/]
  ignore line: [LIBRARY_PATH=/Applications/ArmGNUToolchain/14.2.rel1/arm-none-eabi/bin/../lib/gcc/arm-none-eabi/14.2.1/thumb/v6-m/nofp/:/Applications/ArmGNUToolchain/14.2.rel1/arm-none-eabi/bin/../lib/gcc/arm-none-eabi/14.2.1/../../../../arm-none-eabi/lib/thumb/v6-m/nofp/:/Applications/ArmGNUToolchain/14.2.rel1/arm-none-eabi/bin/../arm-none-eabi/lib/thumb/v6-m/nofp/:/Applications/ArmGNUToolchain/14.2.rel1/arm-none-eabi/bin/../lib/gcc/arm-none-eabi/14.2.1/:/Applications/ArmGNUToolchain/14.2.rel1/arm-none-eabi/bin/../lib/gcc/:/Applications/ArmGNUToolchain/14.2.rel1/arm-none-eabi/bin/../lib/gcc/arm-none-eabi/14.2.1/../../../../arm-none-eabi/lib/:/Applications/ArmGNUToolchain/14.2.rel1/arm-none-eabi/bin/../arm-none-eabi/lib/]
  ignore line: [COLLECT_GCC_OPTIONS='-mcpu=cortex-m0plus' '-mthumb' '-v' '-o' 'CMakeFiles/cmTC_31a81.dir/CMakeCCompilerABI.c.o' '-c' '-mfloat-abi=soft' '-mlibarch=armv6s-m' '-march=armv6s-m' '-dumpdir' 'CMakeFiles/cmTC_31a81.dir/CMakeCCompilerABI.c.']
  ignore line: [[2/2] Linking C executable cmTC_31a81.elf]
  ignore line: [Using built-in specs.]
  ignore line: [COLLECT_GCC=/opt/homebrew/bin/arm-none-eabi-gcc]
  ignore line: [COLLECT_LTO_WRAPPER=/Applications/ArmGNUToolchain/14.2.rel1/arm-none-eabi/bin/../libexec/gcc/arm-none-eabi/14.2.1/lto-wrapper]
  ignore line: [Target: arm-none-eabi]
  ignore line: [Configured with: /Volumes/data/jenkins/workspace/GNU-toolchain/arm-14/src/gcc/configure --target=arm-none-eabi --prefix=/Volumes/data/jenkins/workspace/GNU-toolchain/arm-14/build-arm-none-eabi/install --with-gmp=/Volumes/data/jenkins/workspace/GNU-toolchain/arm-14/build-arm-none-eabi/host-tools --with-mpfr=/Volumes/data/jenkins/workspace/GNU-toolchain/arm-14/build-arm-none-eabi/host-tools --with-mpc=/Volumes/data/jenkins/workspace/GNU-toolchain/arm-14/build-arm-none-eabi/host-tools --with-isl=/Volumes/data/jenkins/workspace/GNU-toolchain/arm-14/build-arm-none-eabi/host-tools --disable-shared --disable-nls --disable-threads --disable-tls --enable-checking=release --enable-languages=c,c++,fortran --with-newlib --with-gnu-as --with-headers=yes --with-gnu-ld --with-native-system-header-dir=/include --with-sysroot=/Volumes/data/jenkins/workspace/GNU-toolchain/arm-14/build-arm-none-eabi/install/arm-none-eabi --with-bugurl=https://bugs.linaro.org/ --with-multilib-list=aprofile,rmprofile --with-pkgversion='Arm GNU Toolchain 14.2.Rel1 (Build arm-14.52)']
  ignore line: [Thread model: single]
  ignore line: [Supported LTO compression algorithms: zlib]
  ignore line: [gcc version 14.2.1 20241119 (Arm GNU Toolchain 14.2.Rel1 (Build arm-14.52)) ]
  ignore line: [COMPILER_PATH=/Applications/ArmGNUToolchain/14.2.rel1/arm-none-eabi/bin/../libexec/gcc/arm-none-eabi/14.2.1/:/Applications/ArmGNUToolchain/14.2.rel1/arm-none-eabi/bin/../libexec/gcc/:/Applications/ArmGNUToolchain/14.2.rel1/arm-none-eabi/bin/../lib/gcc/arm-none-eabi/14.2.1/../../../../arm-none-eabi/bin/]
  ignore line: [LIBRARY_PATH=/Applications/ArmGNUToolchain/14.2.rel1/arm-none-eabi/bin/../lib/gcc/arm-none-eabi/14.2.1/thumb/v6-m/nofp/:/Applications/ArmGNUToolchain/14.2.rel1/arm-none-eabi/bin/../lib/gcc/arm-none-eabi/14.2.1/../../../../arm-none-eabi/lib/thumb/v6-m/nofp/:/Applications/ArmGNUToolchain/14.2.rel1/arm-none-eabi/bin/../arm-none-eabi/lib/thumb/v6-m/nofp/:/Applications/ArmGNUToolchain/14.2.rel1/arm-none-eabi/bin/../lib/gcc/arm-none-eabi/14.2.1/:/Applications/ArmGNUToolchain/14.2.rel1/arm-none-eabi/bin/../lib/gcc/:/Applications/ArmGNUToolchain/14.2.rel1/arm-none-eabi/bin/../lib/gcc/arm-none-eabi/14.2.1/../../../../arm-none-eabi/lib/:/Applications/ArmGNUToolchain/14.2.rel1/arm-none-eabi/bin/../arm-none-eabi/lib/]
  ignore line: [COLLECT_GCC_OPTIONS='-mcpu=cortex-m0plus' '-mthumb' '-nostdlib' '-v' '-o' 'cmTC_31a81.elf' '-mfloat-abi=soft' '-mlibarch=armv6s-m' '-march=armv6s-m' '-dumpdir' 'cmTC_31a81.elf.']
  link line: [ /Applications/ArmGNUToolchain/14.2.rel1/arm-none-eabi/bin/../libexec/gcc/arm-none-eabi/14.2.1/collect2 -plugin /Applications/ArmGNUToolchain/14.2.rel1/arm-none-eabi/bin/../libexec/gcc/arm-none-eabi/14.2.1/liblto_plugin.so -plugin-opt=/Applications/ArmGNUToolchain/14.2.rel1/arm-none-eabi/bin/../libexec/gcc/arm-none-eabi/14.2.1/lto-wrapper -plugin-opt=-fresolution=/var/folders/j8/k9qg4y1s6q1_yjlw7lr4wq_m0000gn/T//ccge55hE.res --sysroot=/Applications/ArmGNUToolchain/14.2.rel1/arm-none-eabi/bin/../arm-none-eabi -X -o cmTC_31a81.elf -L/Applications/ArmGNUToolchain/14.2.rel1/arm-none-eabi/bin/../lib/gcc/arm-none-eabi/14.2.1/thumb/v6-m/nofp -L/Applications/ArmGNUToolchain/14.2.rel1/arm-none-eabi/bin/../lib/gcc/arm-none-eabi/14.2.1/../../../../arm-none-eabi/lib/thumb/v6-m/nofp -L/Applications/ArmGNUToolchain/14.2.rel1/arm-none-eabi/bin/../arm-none-eabi/lib/thumb/v6-m/nofp -L/Applications/ArmGNUToolchain/14.2.rel1/arm-none-eabi/bin/../lib/gcc/arm-none-eabi/14.2.1 -L/Applications/ArmGNUToolchain/14.2.rel1/arm-none-eabi/bin/../lib/gcc -L/Applications/ArmGNUToolchain/14.2.rel1/arm-none-eabi/bin/../lib/gcc/arm-none-eabi/14.2.1/../../../../arm-none-eabi/lib -L/Applications/ArmGNUToolchain/14.2.rel1/arm-none-eabi/bin/../arm-none-eabi/lib --build-id=none CMakeFiles/cmTC_31a81.dir/CMakeCCompilerABI.c.o]
    arg [/Applications/ArmGNUToolchain/14.2.rel1/arm-none-eabi/bin/../libexec/gcc/arm-none-eabi/14.2.1/collect2] ==> ignore
    arg [-plugin] ==> ignore
    arg [/Applications/ArmGNUToolchain/14.2.rel1/arm-none-eabi/bin/../libexec/gcc/arm-none-eabi/14.2.1/liblto_plugin.so] ==> ignore
    arg [-plugin-opt=/Applications/ArmGNUToolchain/14.2.rel1/arm-none-eabi/bin/../libexec/gcc/arm-none-eabi/14.2.1/lto-wrapper] ==> ignore
    arg [-plugin-opt=-fresolution=/var/folders/j8/k9qg4y1s6q1_yjlw7lr4wq_m0000gn/T//ccge55hE.res] ==> ignore
    arg [--sysroot=/Applications/ArmGNUToolchain/14.2.rel1/arm-none-eabi/bin/../arm-none-eabi] ==> ignore
    arg [-X] ==> ignore
    arg [-o] ==> ignore
    arg [cmTC_31a81.elf] ==> ignore
    arg [-L/Applications/ArmGNUToolchain/14.2.rel1/arm-none-eabi/bin/../lib/gcc/arm-none-eabi/14.2.1/thumb/v6-m/nofp] ==> dir [/Applications/ArmGNUToolchain/14.2.rel1/arm-none-eabi/bin/../lib/gcc/arm-none-eabi/14.2.1/thumb/v6-m/nofp]
    arg [-L/Applications/ArmGNUToolchain/14.2.rel1/arm-none-eabi/bin/../lib/gcc/arm-none-eabi/14.2.1/../../../../arm-none-eabi/lib/thumb/v6-m/nofp] ==> dir [/Applications/ArmGNUToolchain/14.2.rel1/arm-none-eabi/bin/../lib/gcc/arm-none-eabi/14.2.1/../../../../arm-none-eabi/lib/thumb/v6-m/nofp]
    arg [-L/Applications/ArmGNUToolchain/14.2.rel1/arm-none-eabi/bin/../arm-none-eabi/lib/thumb/v6-m/nofp] ==> dir [/Applications/ArmGNUToolchain/14.2.rel1/arm-none-eabi/bin/../arm-none-eabi/lib/thumb/v6-m/nofp]
    arg [-L/Applications/ArmGNUToolchain/14.2.rel1/arm-none-eabi/bin/../lib/gcc/arm-none-eabi/14.2.1] ==> dir [/Applications/ArmGNUToolchain/14.2.rel1/arm-none-eabi/bin/../lib/gcc/arm-none-eabi/14.2.1]
    arg [-L/Applications/ArmGNUToolchain/14.2.rel1/arm-none-eabi/bin/../lib/gcc] ==> dir [/Applications/ArmGNUToolchain/14.2.rel1/arm-none-eabi/bin/../lib/gcc]
    arg [-L/Applications/ArmGNUToolchain/14.2.rel1/arm-none-eabi/bin/../lib/gcc/arm-none-eabi/14.2.1/../../../../arm-none-eabi/lib] ==> dir [/Applications/ArmGNUToolchain/14.2.rel1/arm-none-eabi/bin/../lib/gcc/arm-none-eabi/14.2.1/../../../../arm-none-eabi/lib]
    arg [-L/Applications/ArmGNUToolchain/14.2.rel1/arm-none-eabi/bin/../arm-none-eabi/lib] ==> dir [/Applications/ArmGNUToolchain/14.2.rel1/arm-none-eabi/bin/../arm-none-eabi/lib]
    arg [--build-id=none] ==> ignore
    arg [CMakeFiles/cmTC_31a81.dir/CMakeCCompilerABI.c.o] ==> ignore
  collapse library dir [/Applications/ArmGNUToolchain/14.2.rel1/arm-none-eabi/bin/../lib/gcc/arm-none-eabi/14.2.1/thumb/v6-m/nofp] ==> [/Applications/ArmGNUToolchain/14.2.rel1/arm-none-eabi/lib/gcc/arm-none-eabi/14.2.1/thumb/v6-m/nofp]
  collapse library dir [/Applications/ArmGNUToolchain/14.2.rel1/arm-none-eabi/bin/../lib/gcc/arm-none-eabi/14.2.1/../../../../arm-none-eabi/lib/thumb/v6-m/nofp] ==> [/Applications/ArmGNUToolchain/14.2.rel1/arm-none-eabi/arm-none-eabi/lib/thumb/v6-m/nofp]
  collapse library dir [/Applications/ArmGNUToolchain/14.2.rel1/arm-none-eabi/bin/../arm-none-eabi/lib/thumb/v6-m/nofp] ==> [/Applications/ArmGNUToolchain/14.2.rel1/arm-none-eabi/arm-none-eabi/lib/thumb/v6-m/nofp]
  collapse library dir [/Applications/ArmGNUToolchain/14.2.rel1/arm-none-eabi/bin/../lib/gcc/arm-none-eabi/14.2.1] ==> [/Applications/ArmGNUToolchain/14.2.rel1/arm-none-eabi/lib/gcc/arm-none-eabi/14.2.1]
  collapse library dir [/Applications/ArmGNUToolchain/14.2.rel1/arm-none-eabi/bin/../lib/gcc] ==> [/Applications/ArmGNUToolchain/14.2.rel1/arm-none-eabi/lib/gcc]
  collapse library dir [/Applications/ArmGNUToolchain/14.2.rel1/arm-none-eabi/bin/../lib/gcc/arm-none-eabi/14.2.1/../../../../arm-none-eabi/lib] ==> [/Applications/ArmGNUToolchain/14.2.rel1/arm-none-eabi/arm-none-eabi/lib]
  collapse library dir [/Applications/ArmGNUToolchain/14.2.rel1/arm-none-eabi/bin/../arm-none-eabi/lib] ==> [/Applications/ArmGNUToolchain/14.2.rel1/arm-none-eabi/arm-none-eabi/lib]
  implicit libs: []
  implicit objs: []
  implicit dirs: [/Applications/ArmGNUToolchain/14.2.rel1/arm-none-eabi/lib/gcc/arm-none-eabi/14.2.1/thumb/v6-m/nofp;/Applications/ArmGNUToolchain/14.2.rel1/arm-none-eabi/arm-none-eabi/lib/thumb/v6-m/nofp;/Applications/ArmGNUToolchain/14.2.rel1/arm-none-eabi/lib/gcc/arm-none-eabi/14.2.1;/Applications/ArmGNUToolchain/14.2.rel1/arm-none-eabi/lib/gcc;/Applications/ArmGNUToolchain/14.2.rel1/arm-none-eabi/arm-none-eabi/lib]
  implicit fwks: []


Detecting CXX compiler ABI info compiled with the following output:
Change Dir: /Users/mac/Documents/PicoWorkspace/MoonlitCalc/build/CMakeFiles/CMakeTmp

Run Build Command(s):/usr/local/bin/ninja cmTC_b5d65 && [1/2] Building CXX object CMakeFiles/cmTC_b5d65.dir/CMakeCXXCompilerABI.cpp.o
Using built-in specs.
COLLECT_GCC=/opt/homebrew/bin/arm-none-eabi-g++
Target: arm-none-eabi
Configured with: /Volumes/data/jenkins/workspace/GNU-toolchain/arm-14/src/gcc/configure --target=arm-none-eabi --prefix=/Volumes/data/jenkins/workspace/GNU-toolchain/arm-14/build-arm-none-eabi/install --with-gmp=/Volumes/data/jenkins/workspace/GNU-toolchain/arm-14/build-arm-none-eabi/host-tools --with-mpfr=/Volumes/data/jenkins/workspace/GNU-toolchain/arm-14/build-arm-none-eabi/host-tools --with-mpc=/Volumes/data/jenkins/workspace/GNU-toolchain/arm-14/build-arm-none-eabi/host-tools --with-isl=/Volumes/data/jenkins/workspace/GNU-toolchain/arm-14/build-arm-none-eabi/host-tools --disable-shared --disable-nls --disable-threads --disable-tls --enable-checking=release --enable-languages=c,c++,fortran --with-newlib --with-gnu-as --with-headers=yes --with-gnu-ld --with-native-system-header-dir=/include --with-sysroot=/Volumes/data/jenkins/workspace/GNU-toolchain/arm-14/build-arm-none-eabi/install/arm-none-eabi --with-bugurl=https://bugs.linaro.org/ --with-multilib-list=aprofile,rmprofile --with-pkgversion='Arm GNU Toolchain 14.2.Rel1 (Build arm-14.52)'
Thread model: single
Supported LTO compression algorithms: zlib
gcc version 14.2.1 20241119 (Arm GNU Toolchain 14.2.Rel1 (Build arm-14.52)) 
COLLECT_GCC_OPTIONS='-mcpu=cortex-m0plus' '-mthumb' '-v' '-o' 'CMakeFiles/cmTC_b5d65.dir/CMakeCXXCompilerABI.cpp.o' '-c' '-mfloat-abi=soft' '-mlibarch=armv6s-m' '-march=armv6s-m' '-dumpdir' 'CMakeFiles/cmTC_b5d65.dir/'
 /Applications/ArmGNUToolchain/14.2.rel1/arm-none-eabi/bin/../libexec/gcc/arm-none-eabi/14.2.1/cc1plus -quiet -v -imultilib thumb/v6-m/nofp -iprefix /Applications/ArmGNUToolchain/14.2.rel1/arm-none-eabi/bin/../lib/gcc/arm-none-eabi/14.2.1/ -isysroot /Applications/ArmGNUToolchain/14.2.rel1/arm-none-eabi/bin/../arm-none-eabi -D__USES_INITFINI__ /usr/local/share/cmake-3.23/Modules/CMakeCXXCompilerABI.cpp -quiet -dumpdir CMakeFiles/cmTC_b5d65.dir/ -dumpbase CMakeCXXCompilerABI.cpp.cpp -dumpbase-ext .cpp -mcpu=cortex-m0plus -mthumb -mfloat-abi=soft -mlibarch=armv6s-m -march=armv6s-m -version -o /var/folders/j8/k9qg4y1s6q1_yjlw7lr4wq_m0000gn/T//ccwmS9XX.s
GNU C++17 (Arm GNU Toolchain 14.2.Rel1 (Build arm-14.52)) version 14.2.1 20241119 (arm-none-eabi)
	compiled by GNU C version Apple LLVM 13.0.0 (clang-1300.0.29.30), GMP version 6.2.1, MPFR version 3.1.6, MPC version 1.0.3, isl version isl-0.15-1-g835ea3a-GMP

GGC heuristics: --param ggc-min-expand=100 --param ggc-min-heapsize=131072
ignoring duplicate directory "/Applications/ArmGNUToolchain/14.2.rel1/arm-none-eabi/bin/../lib/gcc/../../lib/gcc/arm-none-eabi/14.2.1/../../../../arm-none-eabi/include/c++/14.2.1"
ignoring duplicate directory "/Applications/ArmGNUToolchain/14.2.rel1/arm-none-eabi/bin/../lib/gcc/../../lib/gcc/arm-none-eabi/14.2.1/../../../../arm-none-eabi/include/c++/14.2.1/arm-none-eabi/thumb/v6-m/nofp"
ignoring duplicate directory "/Applications/ArmGNUToolchain/14.2.rel1/arm-none-eabi/bin/../lib/gcc/../../lib/gcc/arm-none-eabi/14.2.1/../../../../arm-none-eabi/include/c++/14.2.1/backward"
ignoring duplicate directory "/Applications/ArmGNUToolchain/14.2.rel1/arm-none-eabi/bin/../lib/gcc/../../lib/gcc/arm-none-eabi/14.2.1/include"
ignoring nonexistent directory "/Applications/ArmGNUToolchain/14.2.rel1/arm-none-eabi/bin/../arm-none-eabi/usr/local/include"
ignoring duplicate directory "/Applications/ArmGNUToolchain/14.2.rel1/arm-none-eabi/bin/../lib/gcc/../../lib/gcc/arm-none-eabi/14.2.1/include-fixed"
ignoring duplicate directory "/Applications/ArmGNUToolchain/14.2.rel1/arm-none-eabi/bin/../lib/gcc/../../lib/gcc/arm-none-eabi/14.2.1/../../../../arm-none-eabi/include"
ignoring duplicate directory "/Applications/ArmGNUToolchain/14.2.rel1/arm-none-eabi/bin/../arm-none-eabi/include"
#include "..." search starts here:
#include <...> search starts here:
 /Applications/ArmGNUToolchain/14.2.rel1/arm-none-eabi/bin/../lib/gcc/arm-none-eabi/14.2.1/../../../../arm-none-eabi/include/c++/14.2.1
 /Applications/ArmGNUToolchain/14.2.rel1/arm-none-eabi/bin/../lib/gcc/arm-none-eabi/14.2.1/../../../../arm-none-eabi/include/c++/14.2.1/arm-none-eabi/thumb/v6-m/nofp
 /Applications/ArmGNUToolchain/14.2.rel1/arm-none-eabi/bin/../lib/gcc/arm-none-eabi/14.2.1/../../../../arm-none-eabi/include/c++/14.2.1/backward
 /Applications/ArmGNUToolchain/14.2.rel1/arm-none-eabi/bin/../lib/gcc/arm-none-eabi/14.2.1/include
 /Applications/ArmGNUToolchain/14.2.rel1/arm-none-eabi/bin/../lib/gcc/arm-none-eabi/14.2.1/include-fixed
 /Applications/ArmGNUToolchain/14.2.rel1/arm-none-eabi/bin/../lib/gcc/arm-none-eabi/14.2.1/../../../../arm-none-eabi/include
End of search list.
Compiler executable checksum: 27b9f5562618372de894011fc251f42d
COLLECT_GCC_OPTIONS='-mcpu=cortex-m0plus' '-mthumb' '-v' '-o' 'CMakeFiles/cmTC_b5d65.dir/CMakeCXXCompilerABI.cpp.o' '-c' '-mfloat-abi=soft' '-mlibarch=armv6s-m' '-march=armv6s-m' '-dumpdir' 'CMakeFiles/cmTC_b5d65.dir/'
 /Applications/ArmGNUToolchain/14.2.rel1/arm-none-eabi/bin/../lib/gcc/arm-none-eabi/14.2.1/../../../../arm-none-eabi/bin/as -v -march=armv6s-m -mfloat-abi=soft -meabi=5 -o CMakeFiles/cmTC_b5d65.dir/CMakeCXXCompilerABI.cpp.o /var/folders/j8/k9qg4y1s6q1_yjlw7lr4wq_m0000gn/T//ccwmS9XX.s
GNU assembler version 2.43.1 (arm-none-eabi) using BFD version (Arm GNU Toolchain 14.2.Rel1 (Build arm-14.52)) 2.43.1.20241119
COMPILER_PATH=/Applications/ArmGNUToolchain/14.2.rel1/arm-none-eabi/bin/../libexec/gcc/arm-none-eabi/14.2.1/:/Applications/ArmGNUToolchain/14.2.rel1/arm-none-eabi/bin/../libexec/gcc/:/Applications/ArmGNUToolchain/14.2.rel1/arm-none-eabi/bin/../lib/gcc/arm-none-eabi/14.2.1/../../../../arm-none-eabi/bin/
LIBRARY_PATH=/Applications/ArmGNUToolchain/14.2.rel1/arm-none-eabi/bin/../lib/gcc/arm-none-eabi/14.2.1/thumb/v6-m/nofp/:/Applications/ArmGNUToolchain/14.2.rel1/arm-none-eabi/bin/../lib/gcc/arm-none-eabi/14.2.1/../../../../arm-none-eabi/lib/thumb/v6-m/nofp/:/Applications/ArmGNUToolchain/14.2.rel1/arm-none-eabi/bin/../arm-none-eabi/lib/thumb/v6-m/nofp/:/Applications/ArmGNUToolchain/14.2.rel1/arm-none-eabi/bin/../lib/gcc/arm-none-eabi/14.2.1/:/Applications/ArmGNUToolchain/14.2.rel1/arm-none-eabi/bin/../lib/gcc/:/Applications/ArmGNUToolchain/14.2.rel1/arm-none-eabi/bin/../lib/gcc/arm-none-eabi/14.2.1/../../../../arm-none-eabi/lib/:/Applications/ArmGNUToolchain/14.2.rel1/arm-none-eabi/bin/../arm-none-eabi/lib/
COLLECT_GCC_OPTIONS='-mcpu=cortex-m0plus' '-mthumb' '-v' '-o' 'CMakeFiles/cmTC_b5d65.dir/CMakeCXXCompilerABI.cpp.o' '-c' '-mfloat-abi=soft' '-mlibarch=armv6s-m' '-march=armv6s-m' '-dumpdir' 'CMakeFiles/cmTC_b5d65.dir/CMakeCXXCompilerABI.cpp.'
[2/2] Linking CXX executable cmTC_b5d65.elf
Using built-in specs.
COLLECT_GCC=/opt/homebrew/bin/arm-none-eabi-g++
COLLECT_LTO_WRAPPER=/Applications/ArmGNUToolchain/14.2.rel1/arm-none-eabi/bin/../libexec/gcc/arm-none-eabi/14.2.1/lto-wrapper
Target: arm-none-eabi
Configured with: /Volumes/data/jenkins/workspace/GNU-toolchain/arm-14/src/gcc/configure --target=arm-none-eabi --prefix=/Volumes/data/jenkins/workspace/GNU-toolchain/arm-14/build-arm-none-eabi/install --with-gmp=/Volumes/data/jenkins/workspace/GNU-toolchain/arm-14/build-arm-none-eabi/host-tools --with-mpfr=/Volumes/data/jenkins/workspace/GNU-toolchain/arm-14/build-arm-none-eabi/host-tools --with-mpc=/Volumes/data/jenkins/workspace/GNU-toolchain/arm-14/build-arm-none-eabi/host-tools --with-isl=/Volumes/data/jenkins/workspace/GNU-toolchain/arm-14/build-arm-none-eabi/host-tools --disable-shared --disable-nls --disable-threads --disable-tls --enable-checking=release --enable-languages=c,c++,fortran --with-newlib --with-gnu-as --with-headers=yes --with-gnu-ld --with-native-system-header-dir=/include --with-sysroot=/Volumes/data/jenkins/workspace/GNU-toolchain/arm-14/build-arm-none-eabi/install/arm-none-eabi --with-bugurl=https://bugs.linaro.org/ --with-multilib-list=aprofile,rmprofile --with-pkgversion='Arm GNU Toolchain 14.2.Rel1 (Build arm-14.52)'
Thread model: single
Supported LTO compression algorithms: zlib
gcc version 14.2.1 20241119 (Arm GNU Toolchain 14.2.Rel1 (Build arm-14.52)) 
COMPILER_PATH=/Applications/ArmGNUToolchain/14.2.rel1/arm-none-eabi/bin/../libexec/gcc/arm-none-eabi/14.2.1/:/Applications/ArmGNUToolchain/14.2.rel1/arm-none-eabi/bin/../libexec/gcc/:/Applications/ArmGNUToolchain/14.2.rel1/arm-none-eabi/bin/../lib/gcc/arm-none-eabi/14.2.1/../../../../arm-none-eabi/bin/
LIBRARY_PATH=/Applications/ArmGNUToolchain/14.2.rel1/arm-none-eabi/bin/../lib/gcc/arm-none-eabi/14.2.1/thumb/v6-m/nofp/:/Applications/ArmGNUToolchain/14.2.rel1/arm-none-eabi/bin/../lib/gcc/arm-none-eabi/14.2.1/../../../../arm-none-eabi/lib/thumb/v6-m/nofp/:/Applications/ArmGNUToolchain/14.2.rel1/arm-none-eabi/bin/../arm-none-eabi/lib/thumb/v6-m/nofp/:/Applications/ArmGNUToolchain/14.2.rel1/arm-none-eabi/bin/../lib/gcc/arm-none-eabi/14.2.1/:/Applications/ArmGNUToolchain/14.2.rel1/arm-none-eabi/bin/../lib/gcc/:/Applications/ArmGNUToolchain/14.2.rel1/arm-none-eabi/bin/../lib/gcc/arm-none-eabi/14.2.1/../../../../arm-none-eabi/lib/:/Applications/ArmGNUToolchain/14.2.rel1/arm-none-eabi/bin/../arm-none-eabi/lib/
COLLECT_GCC_OPTIONS='-mcpu=cortex-m0plus' '-mthumb' '-nostdlib' '-v' '-o' 'cmTC_b5d65.elf' '-mfloat-abi=soft' '-mlibarch=armv6s-m' '-march=armv6s-m' '-dumpdir' 'cmTC_b5d65.elf.'
 /Applications/ArmGNUToolchain/14.2.rel1/arm-none-eabi/bin/../libexec/gcc/arm-none-eabi/14.2.1/collect2 -plugin /Applications/ArmGNUToolchain/14.2.rel1/arm-none-eabi/bin/../libexec/gcc/arm-none-eabi/14.2.1/liblto_plugin.so -plugin-opt=/Applications/ArmGNUToolchain/14.2.rel1/arm-none-eabi/bin/../libexec/gcc/arm-none-eabi/14.2.1/lto-wrapper -plugin-opt=-fresolution=/var/folders/j8/k9qg4y1s6q1_yjlw7lr4wq_m0000gn/T//cc1NblgT.res --sysroot=/Applications/ArmGNUToolchain/14.2.rel1/arm-none-eabi/bin/../arm-none-eabi -X -o cmTC_b5d65.elf -L/Applications/ArmGNUToolchain/14.2.rel1/arm-none-eabi/bin/../lib/gcc/arm-none-eabi/14.2.1/thumb/v6-m/nofp -L/Applications/ArmGNUToolchain/14.2.rel1/arm-none-eabi/bin/../lib/gcc/arm-none-eabi/14.2.1/../../../../arm-none-eabi/lib/thumb/v6-m/nofp -L/Applications/ArmGNUToolchain/14.2.rel1/arm-none-eabi/bin/../arm-none-eabi/lib/thumb/v6-m/nofp -L/Applications/ArmGNUToolchain/14.2.rel1/arm-none-eabi/bin/../lib/gcc/arm-none-eabi/14.2.1 -L/Applications/ArmGNUToolchain/14.2.rel1/arm-none-eabi/bin/../lib/gcc -L/Applications/ArmGNUToolchain/14.2.rel1/arm-none-eabi/bin/../lib/gcc/arm-none-eabi/14.2.1/../../../../arm-none-eabi/lib -L/Applications/ArmGNUToolchain/14.2.rel1/arm-none-eabi/bin/../arm-none-eabi/lib --build-id=none CMakeFiles/cmTC_b5d65.dir/CMakeCXXCompilerABI.cpp.o
/Applications/ArmGNUToolchain/14.2.rel1/arm-none-eabi/bin/../lib/gcc/arm-none-eabi/14.2.1/../../../../arm-none-eabi/bin/ld: warning: cannot find entry symbol _start; defaulting to 00008000
COLLECT_GCC_OPTIONS='-mcpu=cortex-m0plus' '-mthumb' '-nostdlib' '-v' '-o' 'cmTC_b5d65.elf' '-mfloat-abi=soft' '-mlibarch=armv6s-m' '-march=armv6s-m' '-dumpdir' 'cmTC_b5d65.elf.'



Parsed CXX implicit include dir info from above output: rv=done
  found start of include info
  found start of implicit include info
    add: [/Applications/ArmGNUToolchain/14.2.rel1/arm-none-eabi/bin/../lib/gcc/arm-none-eabi/14.2.1/../../../../arm-none-eabi/include/c++/14.2.1]
    add: [/Applications/ArmGNUToolchain/14.2.rel1/arm-none-eabi/bin/../lib/gcc/arm-none-eabi/14.2.1/../../../../arm-none-eabi/include/c++/14.2.1/arm-none-eabi/thumb/v6-m/nofp]
    add: [/Applications/ArmGNUToolchain/14.2.rel1/arm-none-eabi/bin/../lib/gcc/arm-none-eabi/14.2.1/../../../../arm-none-eabi/include/c++/14.2.1/backward]
    add: [/Applications/ArmGNUToolchain/14.2.rel1/arm-none-eabi/bin/../lib/gcc/arm-none-eabi/14.2.1/include]
    add: [/Applications/ArmGNUToolchain/14.2.rel1/arm-none-eabi/bin/../lib/gcc/arm-none-eabi/14.2.1/include-fixed]
    add: [/Applications/ArmGNUToolchain/14.2.rel1/arm-none-eabi/bin/../lib/gcc/arm-none-eabi/14.2.1/../../../../arm-none-eabi/include]
  end of search list found
  collapse include dir [/Applications/ArmGNUToolchain/14.2.rel1/arm-none-eabi/bin/../lib/gcc/arm-none-eabi/14.2.1/../../../../arm-none-eabi/include/c++/14.2.1] ==> [/Applications/ArmGNUToolchain/14.2.rel1/arm-none-eabi/arm-none-eabi/include/c++/14.2.1]
  collapse include dir [/Applications/ArmGNUToolchain/14.2.rel1/arm-none-eabi/bin/../lib/gcc/arm-none-eabi/14.2.1/../../../../arm-none-eabi/include/c++/14.2.1/arm-none-eabi/thumb/v6-m/nofp] ==> [/Applications/ArmGNUToolchain/14.2.rel1/arm-none-eabi/arm-none-eabi/include/c++/14.2.1/arm-none-eabi/thumb/v6-m/nofp]
  collapse include dir [/Applications/ArmGNUToolchain/14.2.rel1/arm-none-eabi/bin/../lib/gcc/arm-none-eabi/14.2.1/../../../../arm-none-eabi/include/c++/14.2.1/backward] ==> [/Applications/ArmGNUToolchain/14.2.rel1/arm-none-eabi/arm-none-eabi/include/c++/14.2.1/backward]
  collapse include dir [/Applications/ArmGNUToolchain/14.2.rel1/arm-none-eabi/bin/../lib/gcc/arm-none-eabi/14.2.1/include] ==> [/Applications/ArmGNUToolchain/14.2.rel1/arm-none-eabi/lib/gcc/arm-none-eabi/14.2.1/include]
  collapse include dir [/Applications/ArmGNUToolchain/14.2.rel1/arm-none-eabi/bin/../lib/gcc/arm-none-eabi/14.2.1/include-fixed] ==> [/Applications/ArmGNUToolchain/14.2.rel1/arm-none-eabi/lib/gcc/arm-none-eabi/14.2.1/include-fixed]
  collapse include dir [/Applications/ArmGNUToolchain/14.2.rel1/arm-none-eabi/bin/../lib/gcc/arm-none-eabi/14.2.1/../../../../arm-none-eabi/include] ==> [/Applications/ArmGNUToolchain/14.2.rel1/arm-none-eabi/arm-none-eabi/include]
  implicit include dirs: [/Applications/ArmGNUToolchain/14.2.rel1/arm-none-eabi/arm-none-eabi/include/c++/14.2.1;/Applications/ArmGNUToolchain/14.2.rel1/arm-none-eabi/arm-none-eabi/include/c++/14.2.1/arm-none-eabi/thumb/v6-m/nofp;/Applications/ArmGNUToolchain/14.2.rel1/arm-none-eabi/arm-none-eabi/include/c++/14.2.1/backward;/Applications/ArmGNUToolchain/14.2.rel1/arm-none-eabi/lib/gcc/arm-none-eabi/14.2.1/include;/Applications/ArmGNUToolchain/14.2.rel1/arm-none-eabi/lib/gcc/arm-none-eabi/14.2.1/include-fixed;/Applications/ArmGNUToolchain/14.2.rel1/arm-none-eabi/arm-none-eabi/include]


Parsed CXX implicit link information from above output:
  link line regex: [^( *|.*[/\])(arm-none-eabi-ld|CMAKE_LINK_STARTFILE-NOTFOUND|([^/\]+-)?ld|collect2)[^/\]*( |$)]
  ignore line: [Change Dir: /Users/mac/Documents/PicoWorkspace/MoonlitCalc/build/CMakeFiles/CMakeTmp]
  ignore line: []
  ignore line: [Run Build Command(s):/usr/local/bin/ninja cmTC_b5d65 && [1/2] Building CXX object CMakeFiles/cmTC_b5d65.dir/CMakeCXXCompilerABI.cpp.o]
  ignore line: [Using built-in specs.]
  ignore line: [COLLECT_GCC=/opt/homebrew/bin/arm-none-eabi-g++]
  ignore line: [Target: arm-none-eabi]
  ignore line: [Configured with: /Volumes/data/jenkins/workspace/GNU-toolchain/arm-14/src/gcc/configure --target=arm-none-eabi --prefix=/Volumes/data/jenkins/workspace/GNU-toolchain/arm-14/build-arm-none-eabi/install --with-gmp=/Volumes/data/jenkins/workspace/GNU-toolchain/arm-14/build-arm-none-eabi/host-tools --with-mpfr=/Volumes/data/jenkins/workspace/GNU-toolchain/arm-14/build-arm-none-eabi/host-tools --with-mpc=/Volumes/data/jenkins/workspace/GNU-toolchain/arm-14/build-arm-none-eabi/host-tools --with-isl=/Volumes/data/jenkins/workspace/GNU-toolchain/arm-14/build-arm-none-eabi/host-tools --disable-shared --disable-nls --disable-threads --disable-tls --enable-checking=release --enable-languages=c,c++,fortran --with-newlib --with-gnu-as --with-headers=yes --with-gnu-ld --with-native-system-header-dir=/include --with-sysroot=/Volumes/data/jenkins/workspace/GNU-toolchain/arm-14/build-arm-none-eabi/install/arm-none-eabi --with-bugurl=https://bugs.linaro.org/ --with-multilib-list=aprofile,rmprofile --with-pkgversion='Arm GNU Toolchain 14.2.Rel1 (Build arm-14.52)']
  ignore line: [Thread model: single]
  ignore line: [Supported LTO compression algorithms: zlib]
  ignore line: [gcc version 14.2.1 20241119 (Arm GNU Toolchain 14.2.Rel1 (Build arm-14.52)) ]
  ignore line: [COLLECT_GCC_OPTIONS='-mcpu=cortex-m0plus' '-mthumb' '-v' '-o' 'CMakeFiles/cmTC_b5d65.dir/CMakeCXXCompilerABI.cpp.o' '-c' '-mfloat-abi=soft' '-mlibarch=armv6s-m' '-march=armv6s-m' '-dumpdir' 'CMakeFiles/cmTC_b5d65.dir/']
  ignore line: [ /Applications/ArmGNUToolchain/14.2.rel1/arm-none-eabi/bin/../libexec/gcc/arm-none-eabi/14.2.1/cc1plus -quiet -v -imultilib thumb/v6-m/nofp -iprefix /Applications/ArmGNUToolchain/14.2.rel1/arm-none-eabi/bin/../lib/gcc/arm-none-eabi/14.2.1/ -isysroot /Applications/ArmGNUToolchain/14.2.rel1/arm-none-eabi/bin/../arm-none-eabi -D__USES_INITFINI__ /usr/local/share/cmake-3.23/Modules/CMakeCXXCompilerABI.cpp -quiet -dumpdir CMakeFiles/cmTC_b5d65.dir/ -dumpbase CMakeCXXCompilerABI.cpp.cpp -dumpbase-ext .cpp -mcpu=cortex-m0plus -mthumb -mfloat-abi=soft -mlibarch=armv6s-m -march=armv6s-m -version -o /var/folders/j8/k9qg4y1s6q1_yjlw7lr4wq_m0000gn/T//ccwmS9XX.s]
  ignore line: [GNU C++17 (Arm GNU Toolchain 14.2.Rel1 (Build arm-14.52)) version 14.2.1 20241119 (arm-none-eabi)]
  ignore line: [	compiled by GNU C version Apple LLVM 13.0.0 (clang-1300.0.29.30)  GMP version 6.2.1  MPFR version 3.1.6  MPC version 1.0.3  isl version isl-0.15-1-g835ea3a-GMP]
  ignore line: []
  ignore line: [GGC heuristics: --param ggc-min-expand=100 --param ggc-min-heapsize=131072]
  ignore line: [ignoring duplicate directory "/Applications/ArmGNUToolchain/14.2.rel1/arm-none-eabi/bin/../lib/gcc/../../lib/gcc/arm-none-eabi/14.2.1/../../../../arm-none-eabi/include/c++/14.2.1"]
  ignore line: [ignoring duplicate directory "/Applications/ArmGNUToolchain/14.2.rel1/arm-none-eabi/bin/../lib/gcc/../../lib/gcc/arm-none-eabi/14.2.1/../../../../arm-none-eabi/include/c++/14.2.1/arm-none-eabi/thumb/v6-m/nofp"]
  ignore line: [ignoring duplicate directory "/Applications/ArmGNUToolchain/14.2.rel1/arm-none-eabi/bin/../lib/gcc/../../lib/gcc/arm-none-eabi/14.2.1/../../../../arm-none-eabi/include/c++/14.2.1/backward"]
  ignore line: [ignoring duplicate directory "/Applications/ArmGNUToolchain/14.2.rel1/arm-none-eabi/bin/../lib/gcc/../../lib/gcc/arm-none-eabi/14.2.1/include"]
  ignore line: [ignoring nonexistent directory "/Applications/ArmGNUToolchain/14.2.rel1/arm-none-eabi/bin/../arm-none-eabi/usr/local/include"]
  ignore line: [ignoring duplicate directory "/Applications/ArmGNUToolchain/14.2.rel1/arm-none-eabi/bin/../lib/gcc/../../lib/gcc/arm-none-eabi/14.2.1/include-fixed"]
  ignore line: [ignoring duplicate directory "/Applications/ArmGNUToolchain/14.2.rel1/arm-none-eabi/bin/../lib/gcc/../../lib/gcc/arm-none-eabi/14.2.1/../../../../arm-none-eabi/include"]
  ignore line: [ignoring duplicate directory "/Applications/ArmGNUToolchain/14.2.rel1/arm-none-eabi/bin/../arm-none-eabi/include"]
  ignore line: [#include "..." search starts here:]
  ignore line: [#include <...> search starts here:]
  ignore line: [ /Applications/ArmGNUToolchain/14.2.rel1/arm-none-eabi/bin/../lib/gcc/arm-none-eabi/14.2.1/../../../../arm-none-eabi/include/c++/14.2.1]
  ignore line: [ /Applications/ArmGNUToolchain/14.2.rel1/arm-none-eabi/bin/../lib/gcc/arm-none-eabi/14.2.1/../../../../arm-none-eabi/include/c++/14.2.1/arm-none-eabi/thumb/v6-m/nofp]
  ignore line: [ /Applications/ArmGNUToolchain/14.2.rel1/arm-none-eabi/bin/../lib/gcc/arm-none-eabi/14.2.1/../../../../arm-none-eabi/include/c++/14.2.1/backward]
  ignore line: [ /Applications/ArmGNUToolchain/14.2.rel1/arm-none-eabi/bin/../lib/gcc/arm-none-eabi/14.2.1/include]
  ignore line: [ /Applications/ArmGNUToolchain/14.2.rel1/arm-none-eabi/bin/../lib/gcc/arm-none-eabi/14.2.1/include-fixed]
  ignore line: [ /Applications/ArmGNUToolchain/14.2.rel1/arm-none-eabi/bin/../lib/gcc/arm-none-eabi/14.2.1/../../../../arm-none-eabi/include]
  ignore line: [End of search list.]
  ignore line: [Compiler executable checksum: 27b9f5562618372de894011fc251f42d]
  ignore line: [COLLECT_GCC_OPTIONS='-mcpu=cortex-m0plus' '-mthumb' '-v' '-o' 'CMakeFiles/cmTC_b5d65.dir/CMakeCXXCompilerABI.cpp.o' '-c' '-mfloat-abi=soft' '-mlibarch=armv6s-m' '-march=armv6s-m' '-dumpdir' 'CMakeFiles/cmTC_b5d65.dir/']
  ignore line: [ /Applications/ArmGNUToolchain/14.2.rel1/arm-none-eabi/bin/../lib/gcc/arm-none-eabi/14.2.1/../../../../arm-none-eabi/bin/as -v -march=armv6s-m -mfloat-abi=soft -meabi=5 -o CMakeFiles/cmTC_b5d65.dir/CMakeCXXCompilerABI.cpp.o /var/folders/j8/k9qg4y1s6q1_yjlw7lr4wq_m0000gn/T//ccwmS9XX.s]
  ignore line: [GNU assembler version 2.43.1 (arm-none-eabi) using BFD version (Arm GNU Toolchain 14.2.Rel1 (Build arm-14.52)) 2.43.1.20241119]
  ignore line: [COMPILER_PATH=/Applications/ArmGNUToolchain/14.2.rel1/arm-none-eabi/bin/../libexec/gcc/arm-none-eabi/14.2.1/:/Applications/ArmGNUToolchain/14.2.rel1/arm-none-eabi/bin/../libexec/gcc/:/Applications/ArmGNUToolchain/14.2.rel1/arm-none-eabi/bin/../lib/gcc/arm-none-eabi/14.2.1/../../../../arm-none-eabi/bin/]
  ignore line: [LIBRARY_PATH=/Applications/ArmGNUToolchain/14.2.rel1/arm-none-eabi/bin/../lib/gcc/arm-none-eabi/14.2.1/thumb/v6-m/nofp/:/Applications/ArmGNUToolchain/14.2.rel1/arm-none-eabi/bin/../lib/gcc/arm-none-eabi/14.2.1/../../../../arm-none-eabi/lib/thumb/v6-m/nofp/:/Applications/ArmGNUToolchain/14.2.rel1/arm-none-eabi/bin/../arm-none-eabi/lib/thumb/v6-m/nofp/:/Applications/ArmGNUToolchain/14.2.rel1/arm-none-eabi/bin/../lib/gcc/arm-none-eabi/14.2.1/:/Applications/ArmGNUToolchain/14.2.rel1/arm-none-eabi/bin/../lib/gcc/:/Applications/ArmGNUToolchain/14.2.rel1/arm-none-eabi/bin/../lib/gcc/arm-none-eabi/14.2.1/../../../../arm-none-eabi/lib/:/Applications/ArmGNUToolchain/14.2.rel1/arm-none-eabi/bin/../arm-none-eabi/lib/]
  ignore line: [COLLECT_GCC_OPTIONS='-mcpu=cortex-m0plus' '-mthumb' '-v' '-o' 'CMakeFiles/cmTC_b5d65.dir/CMakeCXXCompilerABI.cpp.o' '-c' '-mfloat-abi=soft' '-mlibarch=armv6s-m' '-march=armv6s-m' '-dumpdir' 'CMakeFiles/cmTC_b5d65.dir/CMakeCXXCompilerABI.cpp.']
  ignore line: [[2/2] Linking CXX executable cmTC_b5d65.elf]
  ignore line: [Using built-in specs.]
  ignore line: [COLLECT_GCC=/opt/homebrew/bin/arm-none-eabi-g++]
  ignore line: [COLLECT_LTO_WRAPPER=/Applications/ArmGNUToolchain/14.2.rel1/arm-none-eabi/bin/../libexec/gcc/arm-none-eabi/14.2.1/lto-wrapper]
  ignore line: [Target: arm-none-eabi]
  ignore line: [Configured with: /Volumes/data/jenkins/workspace/GNU-toolchain/arm-14/src/gcc/configure --target=arm-none-eabi --prefix=/Volumes/data/jenkins/workspace/GNU-toolchain/arm-14/build-arm-none-eabi/install --with-gmp=/Volumes/data/jenkins/workspace/GNU-toolchain/arm-14/build-arm-none-eabi/host-tools --with-mpfr=/Volumes/data/jenkins/workspace/GNU-toolchain/arm-14/build-arm-none-eabi/host-tools --with-mpc=/Volumes/data/jenkins/workspace/GNU-toolchain/arm-14/build-arm-none-eabi/host-tools --with-isl=/Volumes/data/jenkins/workspace/GNU-toolchain/arm-14/build-arm-none-eabi/host-tools --disable-shared --disable-nls --disable-threads --disable-tls --enable-checking=release --enable-languages=c,c++,fortran --with-newlib --with-gnu-as --with-headers=yes --with-gnu-ld --with-native-system-header-dir=/include --with-sysroot=/Volumes/data/jenkins/workspace/GNU-toolchain/arm-14/build-arm-none-eabi/install/arm-none-eabi --with-bugurl=https://bugs.linaro.org/ --with-multilib-list=aprofile,rmprofile --with-pkgversion='Arm GNU Toolchain 14.2.Rel1 (Build arm-14.52)']
  ignore line: [Thread model: single]
  ignore line: [Supported LTO compression algorithms: zlib]
  ignore line: [gcc version 14.2.1 20241119 (Arm GNU Toolchain 14.2.Rel1 (Build arm-14.52)) ]
  ignore line: [COMPILER_PATH=/Applications/ArmGNUToolchain/14.2.rel1/arm-none-eabi/bin/../libexec/gcc/arm-none-eabi/14.2.1/:/Applications/ArmGNUToolchain/14.2.rel1/arm-none-eabi/bin/../libexec/gcc/:/Applications/ArmGNUToolchain/14.2.rel1/arm-none-eabi/bin/../lib/gcc/arm-none-eabi/14.2.1/../../../../arm-none-eabi/bin/]
  ignore line: [LIBRARY_PATH=/Applications/ArmGNUToolchain/14.2.rel1/arm-none-eabi/bin/../lib/gcc/arm-none-eabi/14.2.1/thumb/v6-m/nofp/:/Applications/ArmGNUToolchain/14.2.rel1/arm-none-eabi/bin/../lib/gcc/arm-none-eabi/14.2.1/../../../../arm-none-eabi/lib/thumb/v6-m/nofp/:/Applications/ArmGNUToolchain/14.2.rel1/arm-none-eabi/bin/../arm-none-eabi/lib/thumb/v6-m/nofp/:/Applications/ArmGNUToolchain/14.2.rel1/arm-none-eabi/bin/../lib/gcc/arm-none-eabi/14.2.1/:/Applications/ArmGNUToolchain/14.2.rel1/arm-none-eabi/bin/../lib/gcc/:/Applications/ArmGNUToolchain/14.2.rel1/arm-none-eabi/bin/../lib/gcc/arm-none-eabi/14.2.1/../../../../arm-none-eabi/lib/:/Applications/ArmGNUToolchain/14.2.rel1/arm-none-eabi/bin/../arm-none-eabi/lib/]
  ignore line: [COLLECT_GCC_OPTIONS='-mcpu=cortex-m0plus' '-mthumb' '-nostdlib' '-v' '-o' 'cmTC_b5d65.elf' '-mfloat-abi=soft' '-mlibarch=armv6s-m' '-march=armv6s-m' '-dumpdir' 'cmTC_b5d65.elf.']
  link line: [ /Applications/ArmGNUToolchain/14.2.rel1/arm-none-eabi/bin/../libexec/gcc/arm-none-eabi/14.2.1/collect2 -plugin /Applications/ArmGNUToolchain/14.2.rel1/arm-none-eabi/bin/../libexec/gcc/arm-none-eabi/14.2.1/liblto_plugin.so -plugin-opt=/Applications/ArmGNUToolchain/14.2.rel1/arm-none-eabi/bin/../libexec/gcc/arm-none-eabi/14.2.1/lto-wrapper -plugin-opt=-fresolution=/var/folders/j8/k9qg4y1s6q1_yjlw7lr4wq_m0000gn/T//cc1NblgT.res --sysroot=/Applications/ArmGNUToolchain/14.2.rel1/arm-none-eabi/bin/../arm-none-eabi -X -o cmTC_b5d65.elf -L/Applications/ArmGNUToolchain/14.2.rel1/arm-none-eabi/bin/../lib/gcc/arm-none-eabi/14.2.1/thumb/v6-m/nofp -L/Applications/ArmGNUToolchain/14.2.rel1/arm-none-eabi/bin/../lib/gcc/arm-none-eabi/14.2.1/../../../../arm-none-eabi/lib/thumb/v6-m/nofp -L/Applications/ArmGNUToolchain/14.2.rel1/arm-none-eabi/bin/../arm-none-eabi/lib/thumb/v6-m/nofp -L/Applications/ArmGNUToolchain/14.2.rel1/arm-none-eabi/bin/../lib/gcc/arm-none-eabi/14.2.1 -L/Applications/ArmGNUToolchain/14.2.rel1/arm-none-eabi/bin/../lib/gcc -L/Applications/ArmGNUToolchain/14.2.rel1/arm-none-eabi/bin/../lib/gcc/arm-none-eabi/14.2.1/../../../../arm-none-eabi/lib -L/Applications/ArmGNUToolchain/14.2.rel1/arm-none-eabi/bin/../arm-none-eabi/lib --build-id=none CMakeFiles/cmTC_b5d65.dir/CMakeCXXCompilerABI.cpp.o]
    arg [/Applications/ArmGNUToolchain/14.2.rel1/arm-none-eabi/bin/../libexec/gcc/arm-none-eabi/14.2.1/collect2] ==> ignore
    arg [-plugin] ==> ignore
    arg [/Applications/ArmGNUToolchain/14.2.rel1/arm-none-eabi/bin/../libexec/gcc/arm-none-eabi/14.2.1/liblto_plugin.so] ==> ignore
    arg [-plugin-opt=/Applications/ArmGNUToolchain/14.2.rel1/arm-none-eabi/bin/../libexec/gcc/arm-none-eabi/14.2.1/lto-wrapper] ==> ignore
    arg [-plugin-opt=-fresolution=/var/folders/j8/k9qg4y1s6q1_yjlw7lr4wq_m0000gn/T//cc1NblgT.res] ==> ignore
    arg [--sysroot=/Applications/ArmGNUToolchain/14.2.rel1/arm-none-eabi/bin/../arm-none-eabi] ==> ignore
    arg [-X] ==> ignore
    arg [-o] ==> ignore
    arg [cmTC_b5d65.elf] ==> ignore
    arg [-L/Applications/ArmGNUToolchain/14.2.rel1/arm-none-eabi/bin/../lib/gcc/arm-none-eabi/14.2.1/thumb/v6-m/nofp] ==> dir [/Applications/ArmGNUToolchain/14.2.rel1/arm-none-eabi/bin/../lib/gcc/arm-none-eabi/14.2.1/thumb/v6-m/nofp]
    arg [-L/Applications/ArmGNUToolchain/14.2.rel1/arm-none-eabi/bin/../lib/gcc/arm-none-eabi/14.2.1/../../../../arm-none-eabi/lib/thumb/v6-m/nofp] ==> dir [/Applications/ArmGNUToolchain/14.2.rel1/arm-none-eabi/bin/../lib/gcc/arm-none-eabi/14.2.1/../../../../arm-none-eabi/lib/thumb/v6-m/nofp]
    arg [-L/Applications/ArmGNUToolchain/14.2.rel1/arm-none-eabi/bin/../arm-none-eabi/lib/thumb/v6-m/nofp] ==> dir [/Applications/ArmGNUToolchain/14.2.rel1/arm-none-eabi/bin/../arm-none-eabi/lib/thumb/v6-m/nofp]
    arg [-L/Applications/ArmGNUToolchain/14.2.rel1/arm-none-eabi/bin/../lib/gcc/arm-none-eabi/14.2.1] ==> dir [/Applications/ArmGNUToolchain/14.2.rel1/arm-none-eabi/bin/../lib/gcc/arm-none-eabi/14.2.1]
    arg [-L/Applications/ArmGNUToolchain/14.2.rel1/arm-none-eabi/bin/../lib/gcc] ==> dir [/Applications/ArmGNUToolchain/14.2.rel1/arm-none-eabi/bin/../lib/gcc]
    arg [-L/Applications/ArmGNUToolchain/14.2.rel1/arm-none-eabi/bin/../lib/gcc/arm-none-eabi/14.2.1/../../../../arm-none-eabi/lib] ==> dir [/Applications/ArmGNUToolchain/14.2.rel1/arm-none-eabi/bin/../lib/gcc/arm-none-eabi/14.2.1/../../../../arm-none-eabi/lib]
    arg [-L/Applications/ArmGNUToolchain/14.2.rel1/arm-none-eabi/bin/../arm-none-eabi/lib] ==> dir [/Applications/ArmGNUToolchain/14.2.rel1/arm-none-eabi/bin/../arm-none-eabi/lib]
    arg [--build-id=none] ==> ignore
    arg [CMakeFiles/cmTC_b5d65.dir/CMakeCXXCompilerABI.cpp.o] ==> ignore
  collapse library dir [/Applications/ArmGNUToolchain/14.2.rel1/arm-none-eabi/bin/../lib/gcc/arm-none-eabi/14.2.1/thumb/v6-m/nofp] ==> [/Applications/ArmGNUToolchain/14.2.rel1/arm-none-eabi/lib/gcc/arm-none-eabi/14.2.1/thumb/v6-m/nofp]
  collapse library dir [/Applications/ArmGNUToolchain/14.2.rel1/arm-none-eabi/bin/../lib/gcc/arm-none-eabi/14.2.1/../../../../arm-none-eabi/lib/thumb/v6-m/nofp] ==> [/Applications/ArmGNUToolchain/14.2.rel1/arm-none-eabi/arm-none-eabi/lib/thumb/v6-m/nofp]
  collapse library dir [/Applications/ArmGNUToolchain/14.2.rel1/arm-none-eabi/bin/../arm-none-eabi/lib/thumb/v6-m/nofp] ==> [/Applications/ArmGNUToolchain/14.2.rel1/arm-none-eabi/arm-none-eabi/lib/thumb/v6-m/nofp]
  collapse library dir [/Applications/ArmGNUToolchain/14.2.rel1/arm-none-eabi/bin/../lib/gcc/arm-none-eabi/14.2.1] ==> [/Applications/ArmGNUToolchain/14.2.rel1/arm-none-eabi/lib/gcc/arm-none-eabi/14.2.1]
  collapse library dir [/Applications/ArmGNUToolchain/14.2.rel1/arm-none-eabi/bin/../lib/gcc] ==> [/Applications/ArmGNUToolchain/14.2.rel1/arm-none-eabi/lib/gcc]
  collapse library dir [/Applications/ArmGNUToolchain/14.2.rel1/arm-none-eabi/bin/../lib/gcc/arm-none-eabi/14.2.1/../../../../arm-none-eabi/lib] ==> [/Applications/ArmGNUToolchain/14.2.rel1/arm-none-eabi/arm-none-eabi/lib]
  collapse library dir [/Applications/ArmGNUToolchain/14.2.rel1/arm-none-eabi/bin/../arm-none-eabi/lib] ==> [/Applications/ArmGNUToolchain/14.2.rel1/arm-none-eabi/arm-none-eabi/lib]
  implicit libs: []
  implicit objs: []
  implicit dirs: [/Applications/ArmGNUToolchain/14.2.rel1/arm-none-eabi/lib/gcc/arm-none-eabi/14.2.1/thumb/v6-m/nofp;/Applications/ArmGNUToolchain/14.2.rel1/arm-none-eabi/arm-none-eabi/lib/thumb/v6-m/nofp;/Applications/ArmGNUToolchain/14.2.rel1/arm-none-eabi/lib/gcc/arm-none-eabi/14.2.1;/Applications/ArmGNUToolchain/14.2.rel1/arm-none-eabi/lib/gcc;/Applications/ArmGNUToolchain/14.2.rel1/arm-none-eabi/arm-none-eabi/lib]
  implicit fwks: []


